<?xml version="1.0" encoding="UTF-8"?>
<coverage generated="1633733979979" clover="3.2.0">
  <project timestamp="1633733979979" name="All files">
    <metrics statements="15" coveredstatements="15" conditionals="6" coveredconditionals="6" methods="7" coveredmethods="7" elements="28" coveredelements="28" complexity="0" loc="15" ncloc="15" packages="4" files="4" classes="4"/>
    <package name="task_1">
      <metrics statements="6" coveredstatements="6" conditionals="6" coveredconditionals="6" methods="1" coveredmethods="1"/>
      <file name="stringLength.js" path="/home/ismaelixboy/Documents/webDev/microverse/TestingPractices/task_1/stringLength.js">
        <metrics statements="6" coveredstatements="6" conditionals="6" coveredconditionals="6" methods="1" coveredmethods="1"/>
        <line num="2" count="4" type="cond" truecount="2" falsecount="0"/>
        <line num="3" count="1" type="stmt"/>
        <line num="4" count="3" type="cond" truecount="4" falsecount="0"/>
        <line num="5" count="2" type="stmt"/>
        <line num="7" count="1" type="stmt"/>
        <line num="11" count="1" type="stmt"/>
      </file>
    </package>
    <package name="task_2">
      <metrics statements="2" coveredstatements="2" conditionals="0" coveredconditionals="0" methods="1" coveredmethods="1"/>
      <file name="reverseString.js" path="/home/ismaelixboy/Documents/webDev/microverse/TestingPractices/task_2/reverseString.js">
        <metrics statements="2" coveredstatements="2" conditionals="0" coveredconditionals="0" methods="1" coveredmethods="1"/>
        <line num="2" count="2" type="stmt"/>
        <line num="8" count="1" type="stmt"/>
      </file>
    </package>
    <package name="task_3">
      <metrics statements="5" coveredstatements="5" conditionals="0" coveredconditionals="0" methods="4" coveredmethods="4"/>
      <file name="calculator.js" path="/home/ismaelixboy/Documents/webDev/microverse/TestingPractices/task_3/calculator.js">
        <metrics statements="5" coveredstatements="5" conditionals="0" coveredconditionals="0" methods="4" coveredmethods="4"/>
        <line num="4" count="3" type="stmt"/>
        <line num="8" count="3" type="stmt"/>
        <line num="12" count="3" type="stmt"/>
        <line num="16" count="3" type="stmt"/>
        <line num="20" count="1" type="stmt"/>
      </file>
    </package>
    <package name="task_4">
      <metrics statements="2" coveredstatements="2" conditionals="0" coveredconditionals="0" methods="1" coveredmethods="1"/>
      <file name="capitalize.js" path="/home/ismaelixboy/Documents/webDev/microverse/TestingPractices/task_4/capitalize.js">
        <metrics statements="2" coveredstatements="2" conditionals="0" coveredconditionals="0" methods="1" coveredmethods="1"/>
        <line num="2" count="3" type="stmt"/>
        <line num="5" count="1" type="stmt"/>
      </file>
    </package>
  </project>
</coverage>
