{"/home/ismaelixboy/Documents/webDev/microverse/TestingPractices/task_1/stringLength.js": {"path":"/home/ismaelixboy/Documents/webDev/microverse/TestingPractices/task_1/stringLength.js","statementMap":{"0":{"start":{"line":2,"column":4},"end":{"line":8,"column":5}},"1":{"start":{"line":3,"column":8},"end":{"line":3,"column":60}},"2":{"start":{"line":4,"column":10},"end":{"line":8,"column":5}},"3":{"start":{"line":5,"column":8},"end":{"line":5,"column":28}},"4":{"start":{"line":7,"column":8},"end":{"line":7,"column":53}},"5":{"start":{"line":11,"column":0},"end":{"line":11,"column":30}}},"fnMap":{"0":{"name":"stringLength","decl":{"start":{"line":1,"column":9},"end":{"line":1,"column":21}},"loc":{"start":{"line":1,"column":29},"end":{"line":9,"column":1}},"line":1}},"branchMap":{"0":{"loc":{"start":{"line":2,"column":4},"end":{"line":8,"column":5}},"type":"if","locations":[{"start":{"line":2,"column":4},"end":{"line":8,"column":5}},{"start":{"line":2,"column":4},"end":{"line":8,"column":5}}],"line":2},"1":{"loc":{"start":{"line":4,"column":10},"end":{"line":8,"column":5}},"type":"if","locations":[{"start":{"line":4,"column":10},"end":{"line":8,"column":5}},{"start":{"line":4,"column":10},"end":{"line":8,"column":5}}],"line":4},"2":{"loc":{"start":{"line":4,"column":14},"end":{"line":4,"column":53}},"type":"binary-expr","locations":[{"start":{"line":4,"column":14},"end":{"line":4,"column":31}},{"start":{"line":4,"column":35},"end":{"line":4,"column":53}}],"line":4}},"s":{"0":4,"1":1,"2":3,"3":2,"4":1,"5":1},"f":{"0":4},"b":{"0":[1,3],"1":[2,1],"2":[3,3]},"_coverageSchema":"1a1c01bbd47fc00a2c39e90264f33305004495a9","hash":"ef4c0cb270c1bc6006078c30804ea32014e6ebf1"}
,"/home/ismaelixboy/Documents/webDev/microverse/TestingPractices/task_2/reverseString.js": {"path":"/home/ismaelixboy/Documents/webDev/microverse/TestingPractices/task_2/reverseString.js","statementMap":{"0":{"start":{"line":2,"column":4},"end":{"line":2,"column":46}},"1":{"start":{"line":8,"column":0},"end":{"line":8,"column":31}}},"fnMap":{"0":{"name":"reverseString","decl":{"start":{"line":1,"column":9},"end":{"line":1,"column":22}},"loc":{"start":{"line":1,"column":30},"end":{"line":3,"column":1}},"line":1}},"branchMap":{},"s":{"0":2,"1":1},"f":{"0":2},"b":{},"_coverageSchema":"1a1c01bbd47fc00a2c39e90264f33305004495a9","hash":"9b2395beb5e520099f5ad6b091cacfc107248dea"}
,"/home/ismaelixboy/Documents/webDev/microverse/TestingPractices/task_3/calculator.js": {"path":"/home/ismaelixboy/Documents/webDev/microverse/TestingPractices/task_3/calculator.js","statementMap":{"0":{"start":{"line":4,"column":8},"end":{"line":4,"column":23}},"1":{"start":{"line":8,"column":8},"end":{"line":8,"column":23}},"2":{"start":{"line":12,"column":8},"end":{"line":12,"column":23}},"3":{"start":{"line":16,"column":8},"end":{"line":16,"column":23}},"4":{"start":{"line":20,"column":0},"end":{"line":20,"column":28}}},"fnMap":{"0":{"name":"(anonymous_0)","decl":{"start":{"line":3,"column":4},"end":{"line":3,"column":5}},"loc":{"start":{"line":3,"column":14},"end":{"line":5,"column":5}},"line":3},"1":{"name":"(anonymous_1)","decl":{"start":{"line":7,"column":4},"end":{"line":7,"column":5}},"loc":{"start":{"line":7,"column":19},"end":{"line":9,"column":5}},"line":7},"2":{"name":"(anonymous_2)","decl":{"start":{"line":11,"column":4},"end":{"line":11,"column":5}},"loc":{"start":{"line":11,"column":17},"end":{"line":13,"column":5}},"line":11},"3":{"name":"(anonymous_3)","decl":{"start":{"line":15,"column":4},"end":{"line":15,"column":5}},"loc":{"start":{"line":15,"column":19},"end":{"line":17,"column":5}},"line":15}},"branchMap":{},"s":{"0":3,"1":3,"2":3,"3":3,"4":1},"f":{"0":3,"1":3,"2":3,"3":3},"b":{},"_coverageSchema":"1a1c01bbd47fc00a2c39e90264f33305004495a9","hash":"db773f0c8fdb5cdbf6ea0f25bf5b1aac8caafbcb"}
,"/home/ismaelixboy/Documents/webDev/microverse/TestingPractices/task_4/capitalize.js": {"path":"/home/ismaelixboy/Documents/webDev/microverse/TestingPractices/task_4/capitalize.js","statementMap":{"0":{"start":{"line":2,"column":4},"end":{"line":2,"column":62}},"1":{"start":{"line":5,"column":0},"end":{"line":5,"column":28}}},"fnMap":{"0":{"name":"capitalize","decl":{"start":{"line":1,"column":9},"end":{"line":1,"column":19}},"loc":{"start":{"line":1,"column":28},"end":{"line":3,"column":1}},"line":1}},"branchMap":{},"s":{"0":3,"1":1},"f":{"0":3},"b":{},"_coverageSchema":"1a1c01bbd47fc00a2c39e90264f33305004495a9","hash":"ef30ff0bde0eda4ccfa95ef7cc6e6f9abf51132c"}
}
