TN:
SF:task_1/stringLength.js
FN:1,stringLength
FNF:1
FNH:1
FNDA:4,stringLength
DA:2,4
DA:3,1
DA:4,3
DA:5,2
DA:7,1
DA:11,1
LF:6
LH:6
BRDA:2,0,0,1
BRDA:2,0,1,3
BRDA:4,1,0,2
BRDA:4,1,1,1
BRDA:4,2,0,3
BRDA:4,2,1,3
BRF:6
BRH:6
end_of_record
TN:
SF:task_2/reverseString.js
FN:1,reverseString
FNF:1
FNH:1
FNDA:2,reverseString
DA:2,2
DA:8,1
LF:2
LH:2
BRF:0
BRH:0
end_of_record
TN:
SF:task_3/calculator.js
FN:3,(anonymous_0)
FN:7,(anonymous_1)
FN:11,(anonymous_2)
FN:15,(anonymous_3)
FNF:4
FNH:4
FNDA:3,(anonymous_0)
FNDA:3,(anonymous_1)
FNDA:3,(anonymous_2)
FNDA:3,(anonymous_3)
DA:4,3
DA:8,3
DA:12,3
DA:16,3
DA:20,1
LF:5
LH:5
BRF:0
BRH:0
end_of_record
TN:
SF:task_4/capitalize.js
FN:1,capitalize
FNF:1
FNH:1
FNDA:3,capitalize
DA:2,3
DA:5,1
LF:2
LH:2
BRF:0
BRH:0
end_of_record
